#
# A fatal error has been detected by the Java Runtime Environment:
#
#  SIGSEGV (0xb) at pc=0x0000000000000000, pid=8075, tid=0x00007f7478195700
#
# JRE version: Java(TM) SE Runtime Environment (8.0_171-b11) (build 1.8.0_171-b11)
# Java VM: Java HotSpot(TM) 64-Bit Server VM (25.171-b11 mixed mode linux-amd64 compressed oops)
# Problematic frame:
# C  0x0000000000000000
#
# Failed to write core dump. Core dumps have been disabled. To enable core dumping, try "ulimit -c unlimited" before starting Java again
#
# If you would like to submit a bug report, please visit:
#   http://bugreport.java.com/bugreport/crash.jsp
#

---------------  T H R E A D  ---------------

Current thread (0x00007f7474020000):  GCTaskThread [stack: 0x00007f7478095000,0x00007f7478196000] [id=8081]

siginfo: si_signo: 11 (SIGSEGV), si_code: 1 (SEGV_MAPERR), si_addr: 0x0000000000000000

Registers:
RAX=0x00000007c0553c28, RBX=0x00000006f39a4000, RCX=0x0000000000000003, RDX=0x0000000000000001
RSP=0x00007f7478194938, RBP=0x00007f74781949a0, RSI=0x00000006f39a4000, RDI=0x00000007c0553c68
R8 =0x00000006f39a5b98, R9 =0x0008000000000000, R10=0x0000000000000003, R11=0x00007f7479aae220
R12=0x00007f7479ab2280, R13=0x00000006f39a5b94, R14=0x0000000000000003, R15=0x00007f7474075a70
RIP=0x0000000000000000, EFLAGS=0x0000000000010246, CSGSFS=0x002b000000000033, ERR=0x0000000000000014
  TRAPNO=0x000000000000000e

Top of Stack: (sp=0x00007f7478194938)
0x00007f7478194938:   00007f74791397c0 00000006f39a5b98
0x00007f7478194948:   00000006f39a5b70 00000007c0562a98
0x00007f7478194958:   00000007c0562aa0 00007f7479a66d88
0x00007f7478194968:   00007f7474075ab0 00000006cac56ea8
0x00007f7478194978:   00007f7479aae220 00007f7474075a70
0x00007f7478194988:   0000000000000000 00007f7474075a70
0x00007f7478194998:   00000006cb52d4d8 00007f7478194b30
0x00007f74781949a8:   00007f7479465ce2 00000007c0001940
0x00007f74781949b8:   00000006cac5c6b8 00007f7474075a80
0x00007f74781949c8:   00007f7478194ae0 00007f7478194ab0
0x00007f74781949d8:   00007f7478194a90 00007f7478194a80
0x00007f74781949e8:   00007f7478194a70 00007f7478194a60
0x00007f74781949f8:   00007f7478194a50 00007f7479aa3179
0x00007f7478194a08:   00007f7474075b30 00000006cac56ea8
0x00007f7478194a18:   00000006ffe80000 00007f7474075a80
0x00007f7478194a28:   00007f7478194b40 000000000000192d
0x00007f7478194a38:   0000000000001600 00007f7474075ab0
0x00007f7478194a48:   00007f7478194af8 00007f7478194ac0
0x00007f7478194a58:   00007f7478194ab0 fffffffffff80000
0x00007f7478194a68:   00007f7474075b30 00007f7478194ac0
0x00007f7478194a78:   00000007002e4e18 00000006cac56ea8
0x00007f7478194a88:   0000000000001600 0000000000000000
0x00007f7478194a98:   0000000000000000 00007f7474075ab0
0x00007f7478194aa8:   00007f7478194b58 00000006f3988cd8
0x00007f7478194ab8:   00007f7479ab2280 00007f7478194b30
0x00007f7478194ac8:   00007f74791395bf 00000006f3988cc0
0x00007f7478194ad8:   00000006f3988c98 00113f860000fbb2
0x00007f7478194ae8:   00000007c0562aa0 00113f870000fbb2
0x00007f7478194af8:   00000006f39a5b70 0000000474076040
0x00007f7478194b08:   0000000000000002 00007f7474075980
0x00007f7478194b18:   0000000000000000 00007f7474075a70
0x00007f7478194b28:   00000006cb52d4d8 00007f7478194c70 

Instructions: (pc=0x0000000000000000)
0xffffffffffffffe0:   

Register to memory mapping:

RAX=0x00000007c0553c28 is pointing into metadata
RBX=
[error occurred during error reporting (printing register info), id 0xb]

Stack: [0x00007f7478095000,0x00007f7478196000],  sp=0x00007f7478194938,  free space=1022k

---------------  P R O C E S S  ---------------

Java Threads: ( => current thread )
  0x00007f73f4198800 JavaThread "nREPL-worker-1" daemon [_thread_blocked, id=8273, stack(0x00007f7450337000,0x00007f7450438000)]
  0x00007f73f40fc800 JavaThread "clojure-agent-send-pool-5" [_thread_blocked, id=8271, stack(0x00007f74583e4000,0x00007f74584e5000)]
  0x00007f740435e000 JavaThread "clojure-agent-send-off-pool-6" [_thread_blocked, id=8269, stack(0x00007f7450d39000,0x00007f7450e3a000)]
  0x00007f73f4001800 JavaThread "clojure-agent-send-pool-4" daemon [_thread_blocked, id=8249, stack(0x00007f7450c38000,0x00007f7450d39000)]
  0x00007f740c1d2000 JavaThread "clojure-agent-send-pool-3" daemon [_thread_blocked, id=8212, stack(0x00007f7450e3a000,0x00007f7450f3b000)]
  0x00007f740c16e000 JavaThread "clojure-agent-send-pool-2" daemon [_thread_blocked, id=8206, stack(0x00007f74582e3000,0x00007f74583e4000)]
  0x00007f740c00d000 JavaThread "clojure-agent-send-pool-1" daemon [_thread_blocked, id=8205, stack(0x00007f745133b000,0x00007f745143c000)]
  0x00007f740437d000 JavaThread "clojure-agent-send-pool-0" [_thread_blocked, id=8109, stack(0x00007f745143c000,0x00007f745153d000)]
  0x00007f7414028800 JavaThread "clojure-agent-send-off-pool-4" [_thread_blocked, id=8104, stack(0x00007f74581e2000,0x00007f74582e3000)]
  0x00007f7410001000 JavaThread "clojure-agent-send-off-pool-2" [_thread_in_native, id=8100, stack(0x00007f74584e5000,0x00007f74585e6000)]
  0x00007f74742d2800 JavaThread "clojure-agent-send-off-pool-1" [_thread_blocked, id=8096, stack(0x00007f745b9fe000,0x00007f745baff000)]
  0x00007f74742cf800 JavaThread "clojure-agent-send-off-pool-0" [_thread_in_native, id=8095, stack(0x00007f745baff000,0x00007f745bc00000)]
  0x00007f7474e39000 JavaThread "clojure.core/tap-loop" daemon [_thread_blocked, id=8094, stack(0x00007f7460049000,0x00007f746014a000)]
  0x00007f74740ca800 JavaThread "Service Thread" daemon [_thread_blocked, id=8092, stack(0x00007f7460490000,0x00007f7460591000)]
  0x00007f74740bf000 JavaThread "C1 CompilerThread2" daemon [_thread_blocked, id=8091, stack(0x00007f7460591000,0x00007f7460692000)]
  0x00007f74740bd800 JavaThread "C2 CompilerThread1" daemon [_thread_blocked, id=8090, stack(0x00007f7460692000,0x00007f7460793000)]
  0x00007f74740ba800 JavaThread "C2 CompilerThread0" daemon [_thread_blocked, id=8089, stack(0x00007f7460793000,0x00007f7460894000)]
  0x00007f74740b9000 JavaThread "Signal Dispatcher" daemon [_thread_blocked, id=8088, stack(0x00007f7460894000,0x00007f7460995000)]
  0x00007f7474085000 JavaThread "Finalizer" daemon [_thread_blocked, id=8087, stack(0x00007f7460d6a000,0x00007f7460e6b000)]
  0x00007f7474080800 JavaThread "Reference Handler" daemon [_thread_blocked, id=8086, stack(0x00007f7460e6b000,0x00007f7460f6c000)]
  0x00007f747400b000 JavaThread "main" [_thread_blocked, id=8080, stack(0x00007f747a5de000,0x00007f747a6df000)]

Other Threads:
  0x00007f7474079000 VMThread [stack: 0x00007f7460f6c000,0x00007f746106d000] [id=8085]
  0x00007f74740cf000 WatcherThread [stack: 0x00007f746038f000,0x00007f7460490000] [id=8093]

=>0x00007f7474020000 (exited) GCTaskThread [stack: 0x00007f7478095000,0x00007f7478196000] [id=8081]

VM state:at safepoint (normal execution)

VM Mutex/Monitor currently owned by a thread:  ([mutex/lock_event])
[0x00007f7474007470] Threads_lock - owner thread: 0x00007f7474079000
[0x00007f7474007970] Heap_lock - owner thread: 0x00007f73f4198800

Heap:
 PSYoungGen      total 727040K, used 135168K [0x000000076db00000, 0x00000007c0000000, 0x00000007c0000000)
  eden space 591872K, 0% used [0x000000076db00000,0x000000076db00000,0x0000000791d00000)
  from space 135168K, 100% used [0x00000007b1d00000,0x00000007ba100000,0x00000007ba100000)
  to   space 378368K, 0% used [0x0000000791d00000,0x0000000791d00000,0x00000007a8e80000)
 ParOldGen       total 904192K, used 904086K [0x00000006c9000000, 0x0000000700300000, 0x000000076db00000)
  object space 904192K, 99% used [0x00000006c9000000,0x00000007002e5818,0x0000000700300000)
 Metaspace       used 44735K, capacity 69734K, committed 70016K, reserved 1099776K
  class space    used 11478K, capacity 19033K, committed 19072K, reserved 1048576K

Card table byte_map: [0x00007f7463a2b000,0x00007f74641e4000] byte_map_base: 0x00007f74603e3000

Marking Bits: (ParMarkBitMap*) 0x00007f7479ab2280
 Begin Bits: [0x00007f743c480000, 0x00007f7440240000)
 End Bits:   [0x00007f7440240000, 0x00007f7444000000)

Polling page: 0x00007f747a704000

CodeCache: size=245760Kb used=11377Kb max_used=11377Kb free=234382Kb
 bounds [0x00007f74645a4000, 0x00007f74650c4000, 0x00007f74735a4000]
 total_blobs=5480 nmethods=5070 adapters=322
 compilation: enabled

Compilation events (10 events):
Event: 281.471 Thread 0x00007f74740bf000 5083       1       java.math.MutableBigInteger::divideOneWord (332 bytes)
Event: 281.471 Thread 0x00007f74740bf000 nmethod 5083 0x00007f74650b9c90 code [0x00007f74650b9e60, 0x00007f74650ba488]
Event: 281.471 Thread 0x00007f74740bf000 5084       1       java.math.BigInteger::shiftLeft (148 bytes)
Event: 281.471 Thread 0x00007f74740bf000 nmethod 5084 0x00007f74650bac90 code [0x00007f74650bae20, 0x00007f74650bb268]
Event: 281.516 Thread 0x00007f74740bf000 5085 %     1       clj.core$pyths$iter__9647__9655$fn__9656$iter__9649__9657$fn__9658$iter__9651__9659$fn__9660::invoke @ 10 (444 bytes)
Event: 281.517 Thread 0x00007f74740bf000 nmethod 5085% 0x00007f74650bb590 code [0x00007f74650bb920, 0x00007f74650bd658]
Event: 281.517 Thread 0x00007f74740bf000 5086       1       clj.core$pyths$iter__9647__9655$fn__9656$iter__9649__9657$fn__9658$iter__9651__9659$fn__9660::invoke (444 bytes)
Event: 281.519 Thread 0x00007f74740bf000 nmethod 5086 0x00007f74650be290 code [0x00007f74650be620, 0x00007f74650c02b8]
Event: 285.061 Thread 0x00007f74740bf000 5087       1       java.io.FileInputStream::finalize (22 bytes)
Event: 285.061 Thread 0x00007f74740bf000 nmethod 5087 0x00007f74650c0e90 code [0x00007f74650c1000, 0x00007f74650c1168]

GC Heap History (10 events):
Event: 275.317 GC heap after
Heap after GC invocations=12 (full 2):
 PSYoungGen      total 702976K, used 10760K [0x000000076db00000, 0x000000079bf00000, 0x00000007c0000000)
  eden space 691712K, 0% used [0x000000076db00000,0x000000076db00000,0x0000000797e80000)
  from space 11264K, 95% used [0x000000079b400000,0x000000079be82190,0x000000079bf00000)
  to   space 30720K, 0% used [0x0000000798300000,0x0000000798300000,0x000000079a100000)
 ParOldGen       total 188416K, used 37951K [0x00000006c9000000, 0x00000006d4800000, 0x000000076db00000)
  object space 188416K, 20% used [0x00000006c9000000,0x00000006cb50fe20,0x00000006d4800000)
 Metaspace       used 41146K, capacity 59134K, committed 59160K, reserved 1091584K
  class space    used 10472K, capacity 16242K, committed 16256K, reserved 1048576K
}
Event: 275.317 GC heap before
{Heap before GC invocations=13 (full 3):
 PSYoungGen      total 702976K, used 10760K [0x000000076db00000, 0x000000079bf00000, 0x00000007c0000000)
  eden space 691712K, 0% used [0x000000076db00000,0x000000076db00000,0x0000000797e80000)
  from space 11264K, 95% used [0x000000079b400000,0x000000079be82190,0x000000079bf00000)
  to   space 30720K, 0% used [0x0000000798300000,0x0000000798300000,0x000000079a100000)
 ParOldGen       total 188416K, used 37951K [0x00000006c9000000, 0x00000006d4800000, 0x000000076db00000)
  object space 188416K, 20% used [0x00000006c9000000,0x00000006cb50fe20,0x00000006d4800000)
 Metaspace       used 41146K, capacity 59134K, committed 59160K, reserved 1091584K
  class space    used 10472K, capacity 16242K, committed 16256K, reserved 1048576K
Event: 275.524 GC heap after
Heap after GC invocations=13 (full 3):
 PSYoungGen      total 702976K, used 0K [0x000000076db00000, 0x000000079bf00000, 0x00000007c0000000)
  eden space 691712K, 0% used [0x000000076db00000,0x000000076db00000,0x0000000797e80000)
  from space 11264K, 0% used [0x000000079b400000,0x000000079b400000,0x000000079bf00000)
  to   space 30720K, 0% used [0x0000000798300000,0x0000000798300000,0x000000079a100000)
 ParOldGen       total 232960K, used 42420K [0x00000006c9000000, 0x00000006d7380000, 0x000000076db00000)
  object space 232960K, 18% used [0x00000006c9000000,0x00000006cb96d3b0,0x00000006d7380000)
 Metaspace       used 41132K, capacity 59110K, committed 59160K, reserved 1091584K
  class space    used 10467K, capacity 16234K, committed 16256K, reserved 1048576K
}
Event: 282.219 GC heap before
{Heap before GC invocations=14 (full 3):
 PSYoungGen      total 702976K, used 691712K [0x000000076db00000, 0x000000079bf00000, 0x00000007c0000000)
  eden space 691712K, 100% used [0x000000076db00000,0x0000000797e80000,0x0000000797e80000)
  from space 11264K, 0% used [0x000000079b400000,0x000000079b400000,0x000000079bf00000)
  to   space 30720K, 0% used [0x0000000798300000,0x0000000798300000,0x000000079a100000)
 ParOldGen       total 232960K, used 42420K [0x00000006c9000000, 0x00000006d7380000, 0x000000076db00000)
  object space 232960K, 18% used [0x00000006c9000000,0x00000006cb96d3b0,0x00000006d7380000)
 Metaspace       used 44735K, capacity 69734K, committed 70016K, reserved 1099776K
  class space    used 11478K, capacity 19033K, committed 19072K, reserved 1048576K
Event: 283.104 GC heap after
Heap after GC invocations=14 (full 3):
 PSYoungGen      total 727040K, used 30704K [0x000000076db00000, 0x00000007ba100000, 0x00000007c0000000)
  eden space 696320K, 0% used [0x000000076db00000,0x000000076db00000,0x0000000798300000)
  from space 30720K, 99% used [0x0000000798300000,0x000000079a0fc010,0x000000079a100000)
  to   space 135168K, 0% used [0x00000007b1d00000,0x00000007b1d00000,0x00000007ba100000)
 ParOldGen       total 314368K, used 313908K [0x00000006c9000000, 0x00000006dc300000, 0x000000076db00000)
  object space 314368K, 99% used [0x00000006c9000000,0x00000006dc28d3b0,0x00000006dc300000)
 Metaspace       used 44735K, capacity 69734K, committed 70016K, reserved 1099776K
  class space    used 11478K, capacity 19033K, committed 19072K, reserved 1048576K
}
Event: 283.104 GC heap before
{Heap before GC invocations=15 (full 4):
 PSYoungGen      total 727040K, used 30704K [0x000000076db00000, 0x00000007ba100000, 0x00000007c0000000)
  eden space 696320K, 0% used [0x000000076db00000,0x000000076db00000,0x0000000798300000)
  from space 30720K, 99% used [0x0000000798300000,0x000000079a0fc010,0x000000079a100000)
  to   space 135168K, 0% used [0x00000007b1d00000,0x00000007b1d00000,0x00000007ba100000)
 ParOldGen       total 314368K, used 313908K [0x00000006c9000000, 0x00000006dc300000, 0x000000076db00000)
  object space 314368K, 99% used [0x00000006c9000000,0x00000006dc28d3b0,0x00000006dc300000)
 Metaspace       used 44735K, capacity 69734K, committed 70016K, reserved 1099776K
  class space    used 11478K, capacity 19033K, committed 19072K, reserved 1048576K
Event: 285.056 GC heap after
Heap after GC invocations=15 (full 4):
 PSYoungGen      total 727040K, used 26585K [0x000000076db00000, 0x00000007ba100000, 0x00000007c0000000)
  eden space 696320K, 0% used [0x000000076db00000,0x000000076db00000,0x0000000798300000)
  from space 30720K, 86% used [0x0000000798300000,0x0000000799cf6498,0x000000079a100000)
  to   space 135168K, 0% used [0x00000007b1d00000,0x00000007b1d00000,0x00000007ba100000)
 ParOldGen       total 669184K, used 314150K [0x00000006c9000000, 0x00000006f1d80000, 0x000000076db00000)
  object space 669184K, 46% used [0x00000006c9000000,0x00000006dc2c9818,0x00000006f1d80000)
 Metaspace       used 44735K, capacity 69734K, committed 70016K, reserved 1099776K
  class space    used 11478K, capacity 19033K, committed 19072K, reserved 1048576K
}
Event: 286.700 GC heap before
{Heap before GC invocations=16 (full 4):
 PSYoungGen      total 727040K, used 722905K [0x000000076db00000, 0x00000007ba100000, 0x00000007c0000000)
  eden space 696320K, 100% used [0x000000076db00000,0x0000000798300000,0x0000000798300000)
  from space 30720K, 86% used [0x0000000798300000,0x0000000799cf6498,0x000000079a100000)
  to   space 135168K, 0% used [0x00000007b1d00000,0x00000007b1d00000,0x00000007ba100000)
 ParOldGen       total 669184K, used 314150K [0x00000006c9000000, 0x00000006f1d80000, 0x000000076db00000)
  object space 669184K, 46% used [0x00000006c9000000,0x00000006dc2c9818,0x00000006f1d80000)
 Metaspace       used 44735K, capacity 69734K, committed 70016K, reserved 1099776K
  class space    used 11478K, capacity 19033K, committed 19072K, reserved 1048576K
Event: 289.114 GC heap after
Heap after GC invocations=16 (full 4):
 PSYoungGen      total 727040K, used 135168K [0x000000076db00000, 0x00000007c0000000, 0x00000007c0000000)
  eden space 591872K, 0% used [0x000000076db00000,0x000000076db00000,0x0000000791d00000)
  from space 135168K, 100% used [0x00000007b1d00000,0x00000007ba100000,0x00000007ba100000)
  to   space 378368K, 0% used [0x0000000791d00000,0x0000000791d00000,0x00000007a8e80000)
 ParOldGen       total 904192K, used 904086K [0x00000006c9000000, 0x0000000700300000, 0x000000076db00000)
  object space 904192K, 99% used [0x00000006c9000000,0x00000007002e5818,0x0000000700300000)
 Metaspace       used 44735K, capacity 69734K, committed 70016K, reserved 1099776K
  class space    used 11478K, capacity 19033K, committed 19072K, reserved 1048576K
}
Event: 289.114 GC heap before
{Heap before GC invocations=17 (full 5):
 PSYoungGen      total 727040K, used 135168K [0x000000076db00000, 0x00000007c0000000, 0x00000007c0000000)
  eden space 591872K, 0% used [0x000000076db00000,0x000000076db00000,0x0000000791d00000)
  from space 135168K, 100% used [0x00000007b1d00000,0x00000007ba100000,0x00000007ba100000)
  to   space 378368K, 0% used [0x0000000791d00000,0x0000000791d00000,0x00000007a8e80000)
 ParOldGen       total 904192K, used 904086K [0x00000006c9000000, 0x0000000700300000, 0x000000076db00000)
  object space 904192K, 99% used [0x00000006c9000000,0x00000007002e5818,0x0000000700300000)
 Metaspace       used 44735K, capacity 69734K, committed 70016K, reserved 1099776K
  class space    used 11478K, capacity 19033K, committed 19072K, reserved 1048576K

Deoptimization events (0 events):
No events

Classes redefined (0 events):
No events

Internal exceptions (10 events):
Event: 280.837 Thread 0x00007f740435e000 Exception <a 'java/lang/ClassCastException'> (0x0000000780d96118) thrown at [/HUDSON/workspace/8-2-build-linux-amd64/jdk8u171/10807/hotspot/src/share/vm/runtime/sharedRuntime.cpp, line 605]
Event: 280.864 Thread 0x00007f740435e000 Exception <a 'java/lang/ClassCastException'> (0x0000000780dbdff0) thrown at [/HUDSON/workspace/8-2-build-linux-amd64/jdk8u171/10807/hotspot/src/share/vm/runtime/sharedRuntime.cpp, line 605]
Event: 280.888 Thread 0x00007f740435e000 Exception <a 'java/lang/ClassCastException'> (0x0000000780de5ed0) thrown at [/HUDSON/workspace/8-2-build-linux-amd64/jdk8u171/10807/hotspot/src/share/vm/runtime/sharedRuntime.cpp, line 605]
Event: 280.928 Thread 0x00007f740435e000 Exception <a 'java/lang/ClassCastException'> (0x0000000780e0dc68) thrown at [/HUDSON/workspace/8-2-build-linux-amd64/jdk8u171/10807/hotspot/src/share/vm/runtime/sharedRuntime.cpp, line 605]
Event: 280.975 Thread 0x00007f740435e000 Exception <a 'java/lang/ClassCastException'> (0x0000000780e35bf0) thrown at [/HUDSON/workspace/8-2-build-linux-amd64/jdk8u171/10807/hotspot/src/share/vm/runtime/sharedRuntime.cpp, line 605]
Event: 281.018 Thread 0x00007f740435e000 Exception <a 'java/lang/ClassCastException'> (0x0000000780e5dc98) thrown at [/HUDSON/workspace/8-2-build-linux-amd64/jdk8u171/10807/hotspot/src/share/vm/runtime/sharedRuntime.cpp, line 605]
Event: 281.044 Thread 0x00007f740435e000 Exception <a 'java/lang/ClassCastException'> (0x0000000780e85b28) thrown at [/HUDSON/workspace/8-2-build-linux-amd64/jdk8u171/10807/hotspot/src/share/vm/runtime/sharedRuntime.cpp, line 605]
Event: 281.086 Thread 0x00007f740435e000 Exception <a 'java/lang/ClassCastException'> (0x0000000780ead898) thrown at [/HUDSON/workspace/8-2-build-linux-amd64/jdk8u171/10807/hotspot/src/share/vm/runtime/sharedRuntime.cpp, line 605]
Event: 281.122 Thread 0x00007f740435e000 Exception <a 'java/lang/ClassCastException'> (0x0000000780ed5580) thrown at [/HUDSON/workspace/8-2-build-linux-amd64/jdk8u171/10807/hotspot/src/share/vm/runtime/sharedRuntime.cpp, line 605]
Event: 281.148 Thread 0x00007f740435e000 Exception <a 'java/lang/ClassCastException'> (0x0000000780efd2d0) thrown at [/HUDSON/workspace/8-2-build-linux-amd64/jdk8u171/10807/hotspot/src/share/vm/runtime/sharedRuntime.cpp, line 605]

Events (10 events):
Event: 285.061 Executing VM operation: RevokeBias done
Event: 285.061 Executing VM operation: RevokeBias
Event: 285.061 Executing VM operation: RevokeBias done
Event: 285.061 Executing VM operation: RevokeBias
Event: 285.061 Executing VM operation: RevokeBias done
Event: 285.061 Executing VM operation: RevokeBias
Event: 285.061 Executing VM operation: RevokeBias done
Event: 285.061 Executing VM operation: BulkRevokeBias
Event: 285.061 Executing VM operation: BulkRevokeBias done
Event: 286.700 Executing VM operation: ParallelGCFailedAllocation


Dynamic libraries:
00400000-00401000 r-xp 00000000 103:02 14424793                          /usr/lib/jvm/java-8-oracle/jre/bin/java
00600000-00601000 rw-p 00000000 103:02 14424793                          /usr/lib/jvm/java-8-oracle/jre/bin/java
00702000-00723000 rw-p 00000000 00:00 0                                  [heap]
6c9000000-700300000 rw-p 00000000 00:00 0 
700300000-76db00000 ---p 00000000 00:00 0 
76db00000-7c0000000 rw-p 00000000 00:00 0 
7c0000000-7c12a0000 rw-p 00000000 00:00 0 
7c12a0000-800000000 ---p 00000000 00:00 0 
7f73e8000000-7f73e8021000 rw-p 00000000 00:00 0 
7f73e8021000-7f73ec000000 ---p 00000000 00:00 0 
7f73ec000000-7f73ec045000 rw-p 00000000 00:00 0 
7f73ec045000-7f73f0000000 ---p 00000000 00:00 0 
7f73f0000000-7f73f0021000 rw-p 00000000 00:00 0 
7f73f0021000-7f73f4000000 ---p 00000000 00:00 0 
7f73f4000000-7f73f422e000 rw-p 00000000 00:00 0 
7f73f422e000-7f73f8000000 ---p 00000000 00:00 0 
7f73f8000000-7f73f8021000 rw-p 00000000 00:00 0 
7f73f8021000-7f73fc000000 ---p 00000000 00:00 0 
7f73fc000000-7f73fc060000 rw-p 00000000 00:00 0 
7f73fc060000-7f7400000000 ---p 00000000 00:00 0 
7f7400000000-7f7400021000 rw-p 00000000 00:00 0 
7f7400021000-7f7404000000 ---p 00000000 00:00 0 
7f7404000000-7f74044be000 rw-p 00000000 00:00 0 
7f74044be000-7f7408000000 ---p 00000000 00:00 0 
7f7408000000-7f7408021000 rw-p 00000000 00:00 0 
7f7408021000-7f740c000000 ---p 00000000 00:00 0 
7f740c000000-7f740c1f5000 rw-p 00000000 00:00 0 
7f740c1f5000-7f7410000000 ---p 00000000 00:00 0 
7f7410000000-7f7410026000 rw-p 00000000 00:00 0 
7f7410026000-7f7414000000 ---p 00000000 00:00 0 
7f7414000000-7f7414030000 rw-p 00000000 00:00 0 
7f7414030000-7f7418000000 ---p 00000000 00:00 0 
7f7418000000-7f7418021000 rw-p 00000000 00:00 0 
7f7418021000-7f741c000000 ---p 00000000 00:00 0 
7f741c000000-7f741c021000 rw-p 00000000 00:00 0 
7f741c021000-7f7420000000 ---p 00000000 00:00 0 
7f7420000000-7f742065d000 rw-p 00000000 00:00 0 
7f742065d000-7f7424000000 ---p 00000000 00:00 0 
7f7424000000-7f7424021000 rw-p 00000000 00:00 0 
7f7424021000-7f7428000000 ---p 00000000 00:00 0 
7f7428000000-7f7428056000 rw-p 00000000 00:00 0 
7f7428056000-7f742c000000 ---p 00000000 00:00 0 
7f742c000000-7f742c021000 rw-p 00000000 00:00 0 
7f742c021000-7f7430000000 ---p 00000000 00:00 0 
7f7430000000-7f7430021000 rw-p 00000000 00:00 0 
7f7430021000-7f7434000000 ---p 00000000 00:00 0 
7f7434000000-7f7434021000 rw-p 00000000 00:00 0 
7f7434021000-7f7438000000 ---p 00000000 00:00 0 
7f7438000000-7f7438021000 rw-p 00000000 00:00 0 
7f7438021000-7f743c000000 ---p 00000000 00:00 0 
7f743c480000-7f7444000000 rw-p 00000000 00:00 0 
7f7444000000-7f7444021000 rw-p 00000000 00:00 0 
7f7444021000-7f7448000000 ---p 00000000 00:00 0 
7f7448000000-7f7448022000 rw-p 00000000 00:00 0 
7f7448022000-7f744c000000 ---p 00000000 00:00 0 
7f744c000000-7f744c021000 rw-p 00000000 00:00 0 
7f744c021000-7f7450000000 ---p 00000000 00:00 0 
7f7450137000-7f74502f7000 rw-p 00000000 00:00 0 
7f74502f7000-7f7450337000 ---p 00000000 00:00 0 
7f7450337000-7f745033a000 ---p 00000000 00:00 0 
7f745033a000-7f7450638000 rw-p 00000000 00:00 0 
7f7450638000-7f7450838000 rw-p 00000000 00:00 0 
7f7450838000-7f7450a38000 rw-p 00000000 00:00 0 
7f7450a38000-7f7450c38000 rw-p 00000000 00:00 0 
7f7450c38000-7f7450c3b000 ---p 00000000 00:00 0 
7f7450c3b000-7f7450d39000 rw-p 00000000 00:00 0 
7f7450d39000-7f7450d3c000 ---p 00000000 00:00 0 
7f7450d3c000-7f7450e3a000 rw-p 00000000 00:00 0 
7f7450e3a000-7f7450e3d000 ---p 00000000 00:00 0 
7f7450e3d000-7f745113b000 rw-p 00000000 00:00 0 
7f745113b000-7f745133b000 rw-p 00000000 00:00 0 
7f745133b000-7f745133e000 ---p 00000000 00:00 0 
7f745133e000-7f745143c000 rw-p 00000000 00:00 0 
7f745143c000-7f745143f000 ---p 00000000 00:00 0 
7f745143f000-7f745173d000 rw-p 00000000 00:00 0 
7f745173d000-7f745193d000 rw-p 00000000 00:00 0 
7f745193d000-7f7451b3d000 rw-p 00000000 00:00 0 
7f7451b3d000-7f7451d3d000 rw-p 00000000 00:00 0 
7f7451d3d000-7f7451f3d000 rw-p 00000000 00:00 0 
7f7451f3d000-7f745213d000 rw-p 00000000 00:00 0 
7f745213d000-7f7452142000 r-xp 00000000 103:02 14164214                  /usr/lib/x86_64-linux-gnu/libXdmcp.so.6.0.0
7f7452142000-7f7452341000 ---p 00005000 103:02 14164214                  /usr/lib/x86_64-linux-gnu/libXdmcp.so.6.0.0
7f7452341000-7f7452342000 r--p 00004000 103:02 14164214                  /usr/lib/x86_64-linux-gnu/libXdmcp.so.6.0.0
7f7452342000-7f7452343000 rw-p 00005000 103:02 14164214                  /usr/lib/x86_64-linux-gnu/libXdmcp.so.6.0.0
7f7452343000-7f7452345000 r-xp 00000000 103:02 14164203                  /usr/lib/x86_64-linux-gnu/libXau.so.6.0.0
7f7452345000-7f7452545000 ---p 00002000 103:02 14164203                  /usr/lib/x86_64-linux-gnu/libXau.so.6.0.0
7f7452545000-7f7452546000 r--p 00002000 103:02 14164203                  /usr/lib/x86_64-linux-gnu/libXau.so.6.0.0
7f7452546000-7f7452547000 rw-p 00003000 103:02 14164203                  /usr/lib/x86_64-linux-gnu/libXau.so.6.0.0
7f7452547000-7f7452568000 r-xp 00000000 103:02 14165583                  /usr/lib/x86_64-linux-gnu/libxcb.so.1.1.0
7f7452568000-7f7452767000 ---p 00021000 103:02 14165583                  /usr/lib/x86_64-linux-gnu/libxcb.so.1.1.0
7f7452767000-7f7452768000 r--p 00020000 103:02 14165583                  /usr/lib/x86_64-linux-gnu/libxcb.so.1.1.0
7f7452768000-7f7452769000 rw-p 00021000 103:02 14165583                  /usr/lib/x86_64-linux-gnu/libxcb.so.1.1.0
7f7452769000-7f7452778000 r-xp 00000000 103:02 14164224                  /usr/lib/x86_64-linux-gnu/libXi.so.6.1.0
7f7452778000-7f7452977000 ---p 0000f000 103:02 14164224                  /usr/lib/x86_64-linux-gnu/libXi.so.6.1.0
7f7452977000-7f7452978000 r--p 0000e000 103:02 14164224                  /usr/lib/x86_64-linux-gnu/libXi.so.6.1.0
7f7452978000-7f7452979000 rw-p 0000f000 103:02 14164224                  /usr/lib/x86_64-linux-gnu/libXi.so.6.1.0
7f7452979000-7f745297e000 r-xp 00000000 103:02 14164242                  /usr/lib/x86_64-linux-gnu/libXtst.so.6.1.0
7f745297e000-7f7452b7d000 ---p 00005000 103:02 14164242                  /usr/lib/x86_64-linux-gnu/libXtst.so.6.1.0
7f7452b7d000-7f7452b7e000 r--p 00004000 103:02 14164242                  /usr/lib/x86_64-linux-gnu/libXtst.so.6.1.0
7f7452b7e000-7f7452b7f000 rw-p 00005000 103:02 14164242                  /usr/lib/x86_64-linux-gnu/libXtst.so.6.1.0
7f7452b7f000-7f7452b88000 r-xp 00000000 103:02 14164236                  /usr/lib/x86_64-linux-gnu/libXrender.so.1.3.0
7f7452b88000-7f7452d87000 ---p 00009000 103:02 14164236                  /usr/lib/x86_64-linux-gnu/libXrender.so.1.3.0
7f7452d87000-7f7452d88000 r--p 00008000 103:02 14164236                  /usr/lib/x86_64-linux-gnu/libXrender.so.1.3.0
7f7452d88000-7f7452d89000 rw-p 00009000 103:02 14164236                  /usr/lib/x86_64-linux-gnu/libXrender.so.1.3.0
7f7452d89000-7f7452ebe000 r-xp 00000000 103:02 14164199                  /usr/lib/x86_64-linux-gnu/libX11.so.6.3.0
7f7452ebe000-7f74530be000 ---p 00135000 103:02 14164199                  /usr/lib/x86_64-linux-gnu/libX11.so.6.3.0
7f74530be000-7f74530bf000 r--p 00135000 103:02 14164199                  /usr/lib/x86_64-linux-gnu/libX11.so.6.3.0
7f74530bf000-7f74530c3000 rw-p 00136000 103:02 14164199                  /usr/lib/x86_64-linux-gnu/libX11.so.6.3.0
7f74530c3000-7f74530d4000 r-xp 00000000 103:02 14164216                  /usr/lib/x86_64-linux-gnu/libXext.so.6.4.0
7f74530d4000-7f74532d3000 ---p 00011000 103:02 14164216                  /usr/lib/x86_64-linux-gnu/libXext.so.6.4.0
7f74532d3000-7f74532d4000 r--p 00010000 103:02 14164216                  /usr/lib/x86_64-linux-gnu/libXext.so.6.4.0
7f74532d4000-7f74532d5000 rw-p 00011000 103:02 14164216                  /usr/lib/x86_64-linux-gnu/libXext.so.6.4.0
7f74532d5000-7f7453329000 r-xp 00000000 103:02 14425120                  /usr/lib/jvm/java-8-oracle/jre/lib/amd64/libawt_xawt.so
7f7453329000-7f7453529000 ---p 00054000 103:02 14425120                  /usr/lib/jvm/java-8-oracle/jre/lib/amd64/libawt_xawt.so
7f7453529000-7f745352d000 rw-p 00054000 103:02 14425120                  /usr/lib/jvm/java-8-oracle/jre/lib/amd64/libawt_xawt.so
7f745352d000-7f745372e000 rw-p 00000000 00:00 0 
7f745372e000-7f74537d0000 r-xp 00000000 103:02 14425106                  /usr/lib/jvm/java-8-oracle/jre/lib/amd64/libawt.so
7f74537d0000-7f74539d0000 ---p 000a2000 103:02 14425106                  /usr/lib/jvm/java-8-oracle/jre/lib/amd64/libawt.so
7f74539d0000-7f74539dc000 rw-p 000a2000 103:02 14425106                  /usr/lib/jvm/java-8-oracle/jre/lib/amd64/libawt.so
7f74539dc000-7f7453c00000 rw-p 00000000 00:00 0 
7f7453c00000-7f7453e00000 rw-p 00000000 00:00 0 
7f7453e00000-7f7454000000 rw-p 00000000 00:00 0 
7f7454000000-7f7454021000 rw-p 00000000 00:00 0 
7f7454021000-7f7458000000 ---p 00000000 00:00 0 
7f74580a1000-7f745811a000 r--s 010f9000 103:02 14425140                  /usr/lib/jvm/java-8-oracle/lib/tools.jar
7f745811a000-7f74581e2000 r--s 01358000 103:02 14424719                  /usr/lib/jvm/java-8-oracle/src.zip
7f74581e2000-7f74581e5000 ---p 00000000 00:00 0 
7f74581e5000-7f74582e3000 rw-p 00000000 00:00 0 
7f74582e3000-7f74582e6000 ---p 00000000 00:00 0 
7f74582e6000-7f74583e4000 rw-p 00000000 00:00 0 
7f74583e4000-7f74583e7000 ---p 00000000 00:00 0 
7f74583e7000-7f74584e5000 rw-p 00000000 00:00 0 
7f74584e5000-7f74584e8000 ---p 00000000 00:00 0 
7f74584e8000-7f745b5e7000 rw-p 00000000 00:00 0 
7f745b5e7000-7f745b5fd000 r-xp 00000000 103:02 14425113                  /usr/lib/jvm/java-8-oracle/jre/lib/amd64/libnet.so
7f745b5fd000-7f745b7fd000 ---p 00016000 103:02 14425113                  /usr/lib/jvm/java-8-oracle/jre/lib/amd64/libnet.so
7f745b7fd000-7f745b7fe000 rw-p 00016000 103:02 14425113                  /usr/lib/jvm/java-8-oracle/jre/lib/amd64/libnet.so
7f745b7fe000-7f745b9fe000 rw-p 00000000 00:00 0 
7f745b9fe000-7f745ba01000 ---p 00000000 00:00 0 
7f745ba01000-7f745baff000 rw-p 00000000 00:00 0 
7f745baff000-7f745bb02000 ---p 00000000 00:00 0 
7f745bb02000-7f745be00000 rw-p 00000000 00:00 0 
7f745be00000-7f745c000000 rw-p 00000000 00:00 0 
7f745c000000-7f745c021000 rw-p 00000000 00:00 0 
7f745c021000-7f7460000000 ---p 00000000 00:00 0 
7f7460049000-7f746004c000 ---p 00000000 00:00 0 
7f746004c000-7f746034a000 rw-p 00000000 00:00 0 
7f746034a000-7f746038f000 r--s 00349000 103:02 10754078                  /home/yuji/.m2/repository/org/clojure/clojure/1.10.0-alpha4/clojure-1.10.0-alpha4.jar
7f746038f000-7f7460390000 ---p 00000000 00:00 0 
7f7460390000-7f7460490000 rw-p 00000000 00:00 0 
7f7460490000-7f7460493000 ---p 00000000 00:00 0 
7f7460493000-7f7460591000 rw-p 00000000 00:00 0 
7f7460591000-7f7460594000 ---p 00000000 00:00 0 
7f7460594000-7f7460692000 rw-p 00000000 00:00 0 
7f7460692000-7f7460695000 ---p 00000000 00:00 0 
7f7460695000-7f7460793000 rw-p 00000000 00:00 0 
7f7460793000-7f7460796000 ---p 00000000 00:00 0 
7f7460796000-7f7460894000 rw-p 00000000 00:00 0 
7f7460894000-7f7460897000 ---p 00000000 00:00 0 
7f7460897000-7f7460995000 rw-p 00000000 00:00 0 
7f7460995000-7f7460d6a000 r--p 00000000 103:02 14157270                  /usr/lib/locale/locale-archive
7f7460d6a000-7f7460d6d000 ---p 00000000 00:00 0 
7f7460d6d000-7f7460e6b000 rw-p 00000000 00:00 0 
7f7460e6b000-7f7460e6e000 ---p 00000000 00:00 0 
7f7460e6e000-7f7460f6c000 rw-p 00000000 00:00 0 
7f7460f6c000-7f7460f6d000 ---p 00000000 00:00 0 
7f7460f6d000-7f7462070000 rw-p 00000000 00:00 0 
7f7462070000-7f746224a000 r--s 03d68000 103:02 14424897                  /usr/lib/jvm/java-8-oracle/jre/lib/rt.jar
7f746224a000-7f7463202000 rw-p 00000000 00:00 0 
7f7463202000-7f7463203000 ---p 00000000 00:00 0 
7f7463203000-7f7463303000 rw-p 00000000 00:00 0 
7f7463303000-7f7463304000 ---p 00000000 00:00 0 
7f7463304000-7f7463404000 rw-p 00000000 00:00 0 
7f7463404000-7f7463405000 ---p 00000000 00:00 0 
7f7463405000-7f74636bf000 rw-p 00000000 00:00 0 
7f74636bf000-7f7463a2b000 ---p 00000000 00:00 0 
7f7463a2b000-7f7463be5000 rw-p 00000000 00:00 0 
7f7463be5000-7f7463f50000 ---p 00000000 00:00 0 
7f7463f50000-7f74641e3000 rw-p 00000000 00:00 0 
7f74641e3000-7f7464211000 rw-p 00000000 00:00 0 
7f7464211000-7f74645a4000 ---p 00000000 00:00 0 
7f74645a4000-7f74650c4000 rwxp 00000000 00:00 0 
7f74650c4000-7f74735a4000 ---p 00000000 00:00 0 
7f74735a4000-7f74735bf000 r-xp 00000000 103:02 14425109                  /usr/lib/jvm/java-8-oracle/jre/lib/amd64/libzip.so
7f74735bf000-7f74737bf000 ---p 0001b000 103:02 14425109                  /usr/lib/jvm/java-8-oracle/jre/lib/amd64/libzip.so
7f74737bf000-7f74737c0000 rw-p 0001b000 103:02 14425109                  /usr/lib/jvm/java-8-oracle/jre/lib/amd64/libzip.so
7f74737c0000-7f74737cb000 r-xp 00000000 103:02 1573689                   /lib/x86_64-linux-gnu/libnss_files-2.23.so
7f74737cb000-7f74739ca000 ---p 0000b000 103:02 1573689                   /lib/x86_64-linux-gnu/libnss_files-2.23.so
7f74739ca000-7f74739cb000 r--p 0000a000 103:02 1573689                   /lib/x86_64-linux-gnu/libnss_files-2.23.so
7f74739cb000-7f74739cc000 rw-p 0000b000 103:02 1573689                   /lib/x86_64-linux-gnu/libnss_files-2.23.so
7f74739cc000-7f74739d2000 rw-p 00000000 00:00 0 
7f74739d2000-7f74739dd000 r-xp 00000000 103:02 1573696                   /lib/x86_64-linux-gnu/libnss_nis-2.23.so
7f74739dd000-7f7473bdc000 ---p 0000b000 103:02 1573696                   /lib/x86_64-linux-gnu/libnss_nis-2.23.so
7f7473bdc000-7f7473bdd000 r--p 0000a000 103:02 1573696                   /lib/x86_64-linux-gnu/libnss_nis-2.23.so
7f7473bdd000-7f7473bde000 rw-p 0000b000 103:02 1573696                   /lib/x86_64-linux-gnu/libnss_nis-2.23.so
7f7473bde000-7f7473bf4000 r-xp 00000000 103:02 1573657                   /lib/x86_64-linux-gnu/libnsl-2.23.so
7f7473bf4000-7f7473df3000 ---p 00016000 103:02 1573657                   /lib/x86_64-linux-gnu/libnsl-2.23.so
7f7473df3000-7f7473df4000 r--p 00015000 103:02 1573657                   /lib/x86_64-linux-gnu/libnsl-2.23.so
7f7473df4000-7f7473df5000 rw-p 00016000 103:02 1573657                   /lib/x86_64-linux-gnu/libnsl-2.23.so
7f7473df5000-7f7473df7000 rw-p 00000000 00:00 0 
7f7473df7000-7f7473dff000 r-xp 00000000 103:02 1573679                   /lib/x86_64-linux-gnu/libnss_compat-2.23.so
7f7473dff000-7f7473ffe000 ---p 00008000 103:02 1573679                   /lib/x86_64-linux-gnu/libnss_compat-2.23.so
7f7473ffe000-7f7473fff000 r--p 00007000 103:02 1573679                   /lib/x86_64-linux-gnu/libnss_compat-2.23.so
7f7473fff000-7f7474000000 rw-p 00008000 103:02 1573679                   /lib/x86_64-linux-gnu/libnss_compat-2.23.so
7f7474000000-7f7474ffd000 rw-p 00000000 00:00 0 
7f7474ffd000-7f7478000000 ---p 00000000 00:00 0 
7f7478007000-7f747801a000 r--s 00345000 103:02 14424935                  /usr/lib/jvm/java-8-oracle/jre/lib/resources.jar
7f747801a000-7f747801f000 r--s 0009d000 103:02 14424954                  /usr/lib/jvm/java-8-oracle/jre/lib/jsse.jar
7f747801f000-7f7478095000 rw-p 00000000 00:00 0 
7f7478095000-7f7478096000 ---p 00000000 00:00 0 
7f7478096000-7f7478196000 rw-p 00000000 00:00 0 
7f7478196000-7f74781c1000 r-xp 00000000 103:02 14425103                  /usr/lib/jvm/java-8-oracle/jre/lib/amd64/libjava.so
7f74781c1000-7f74783c0000 ---p 0002b000 103:02 14425103                  /usr/lib/jvm/java-8-oracle/jre/lib/amd64/libjava.so
7f74783c0000-7f74783c2000 rw-p 0002a000 103:02 14425103                  /usr/lib/jvm/java-8-oracle/jre/lib/amd64/libjava.so
7f74783c2000-7f74783cf000 r-xp 00000000 103:02 14425108                  /usr/lib/jvm/java-8-oracle/jre/lib/amd64/libverify.so
7f74783cf000-7f74785cf000 ---p 0000d000 103:02 14425108                  /usr/lib/jvm/java-8-oracle/jre/lib/amd64/libverify.so
7f74785cf000-7f74785d1000 rw-p 0000d000 103:02 14425108                  /usr/lib/jvm/java-8-oracle/jre/lib/amd64/libverify.so
7f74785d1000-7f74785d8000 r-xp 00000000 103:02 1573697                   /lib/x86_64-linux-gnu/librt-2.23.so
7f74785d8000-7f74787d7000 ---p 00007000 103:02 1573697                   /lib/x86_64-linux-gnu/librt-2.23.so
7f74787d7000-7f74787d8000 r--p 00006000 103:02 1573697                   /lib/x86_64-linux-gnu/librt-2.23.so
7f74787d8000-7f74787d9000 rw-p 00007000 103:02 1573697                   /lib/x86_64-linux-gnu/librt-2.23.so
7f74787d9000-7f74788e1000 r-xp 00000000 103:02 1573655                   /lib/x86_64-linux-gnu/libm-2.23.so
7f74788e1000-7f7478ae0000 ---p 00108000 103:02 1573655                   /lib/x86_64-linux-gnu/libm-2.23.so
7f7478ae0000-7f7478ae1000 r--p 00107000 103:02 1573655                   /lib/x86_64-linux-gnu/libm-2.23.so
7f7478ae1000-7f7478ae2000 rw-p 00108000 103:02 1573655                   /lib/x86_64-linux-gnu/libm-2.23.so
7f7478ae2000-7f74797bb000 r-xp 00000000 103:02 14425085                  /usr/lib/jvm/java-8-oracle/jre/lib/amd64/server/libjvm.so
7f74797bb000-7f74799ba000 ---p 00cd9000 103:02 14425085                  /usr/lib/jvm/java-8-oracle/jre/lib/amd64/server/libjvm.so
7f74799ba000-7f7479a94000 rw-p 00cd8000 103:02 14425085                  /usr/lib/jvm/java-8-oracle/jre/lib/amd64/server/libjvm.so
7f7479a94000-7f7479adf000 rw-p 00000000 00:00 0 
7f7479adf000-7f7479c9f000 r-xp 00000000 103:02 1573663                   /lib/x86_64-linux-gnu/libc-2.23.so
7f7479c9f000-7f7479e9f000 ---p 001c0000 103:02 1573663                   /lib/x86_64-linux-gnu/libc-2.23.so
7f7479e9f000-7f7479ea3000 r--p 001c0000 103:02 1573663                   /lib/x86_64-linux-gnu/libc-2.23.so
7f7479ea3000-7f7479ea5000 rw-p 001c4000 103:02 1573663                   /lib/x86_64-linux-gnu/libc-2.23.so
7f7479ea5000-7f7479ea9000 rw-p 00000000 00:00 0 
7f7479ea9000-7f7479eac000 r-xp 00000000 103:02 1573667                   /lib/x86_64-linux-gnu/libdl-2.23.so
7f7479eac000-7f747a0ab000 ---p 00003000 103:02 1573667                   /lib/x86_64-linux-gnu/libdl-2.23.so
7f747a0ab000-7f747a0ac000 r--p 00002000 103:02 1573667                   /lib/x86_64-linux-gnu/libdl-2.23.so
7f747a0ac000-7f747a0ad000 rw-p 00003000 103:02 1573667                   /lib/x86_64-linux-gnu/libdl-2.23.so
7f747a0ad000-7f747a0c3000 r-xp 00000000 103:02 14425080                  /usr/lib/jvm/java-8-oracle/jre/lib/amd64/jli/libjli.so
7f747a0c3000-7f747a2c2000 ---p 00016000 103:02 14425080                  /usr/lib/jvm/java-8-oracle/jre/lib/amd64/jli/libjli.so
7f747a2c2000-7f747a2c3000 rw-p 00015000 103:02 14425080                  /usr/lib/jvm/java-8-oracle/jre/lib/amd64/jli/libjli.so
7f747a2c3000-7f747a2db000 r-xp 00000000 103:02 1573661                   /lib/x86_64-linux-gnu/libpthread-2.23.so
7f747a2db000-7f747a4da000 ---p 00018000 103:02 1573661                   /lib/x86_64-linux-gnu/libpthread-2.23.so
7f747a4da000-7f747a4db000 r--p 00017000 103:02 1573661                   /lib/x86_64-linux-gnu/libpthread-2.23.so
7f747a4db000-7f747a4dc000 rw-p 00018000 103:02 1573661                   /lib/x86_64-linux-gnu/libpthread-2.23.so
7f747a4dc000-7f747a4e0000 rw-p 00000000 00:00 0 
7f747a4e0000-7f747a506000 r-xp 00000000 103:02 1573659                   /lib/x86_64-linux-gnu/ld-2.23.so
7f747a50a000-7f747a50b000 r--s 00002000 103:02 7471409                   /home/yuji/.m2/repository/clojure-complete/clojure-complete/0.2.4/clojure-complete-0.2.4.jar
7f747a50b000-7f747a50d000 r--s 00000000 103:02 11801225                  /home/yuji/.m2/repository/org/clojure/core.specs.alpha/0.1.24/core.specs.alpha-0.1.24.jar
7f747a50d000-7f747a5de000 rw-p 00000000 00:00 0 
7f747a5de000-7f747a5e1000 ---p 00000000 00:00 0 
7f747a5e1000-7f747a6e4000 rw-p 00000000 00:00 0 
7f747a6e4000-7f747a6f0000 r--s 00085000 103:02 11800764                  /home/yuji/.m2/repository/org/clojure/spec.alpha/0.1.143/spec.alpha-0.1.143.jar
7f747a6f0000-7f747a6f1000 r--s 00009000 103:02 7471381                   /home/yuji/.m2/repository/org/clojure/tools.nrepl/0.2.12/tools.nrepl-0.2.12.jar
7f747a6f1000-7f747a6f2000 r--s 00001000 103:02 11275448                  /home/yuji/.m2/repository/org/tcrawley/dynapath/0.2.5/dynapath-0.2.5.jar
7f747a6f2000-7f747a6fb000 r--s 0004e000 103:02 11403638                  /home/yuji/.m2/repository/cider/cider-nrepl/0.16.0-SNAPSHOT/cider-nrepl-0.16.0-SNAPSHOT.jar
7f747a6fb000-7f747a703000 rw-s 00000000 103:02 4461057                   /tmp/hsperfdata_yuji/8075
7f747a703000-7f747a704000 rw-p 00000000 00:00 0 
7f747a704000-7f747a705000 ---p 00000000 00:00 0 
7f747a705000-7f747a706000 r--p 00025000 103:02 1573659                   /lib/x86_64-linux-gnu/ld-2.23.so
7f747a706000-7f747a707000 rw-p 00026000 103:02 1573659                   /lib/x86_64-linux-gnu/ld-2.23.so
7f747a707000-7f747a708000 rw-p 00000000 00:00 0 
7ffd0a711000-7ffd0a732000 rw-p 00000000 00:00 0                          [stack]
7ffd0a7e9000-7ffd0a7ec000 r--p 00000000 00:00 0                          [vvar]
7ffd0a7ec000-7ffd0a7ee000 r-xp 00000000 00:00 0                          [vdso]
ffffffffff600000-ffffffffff601000 r-xp 00000000 00:00 0                  [vsyscall]

VM Arguments:
jvm_args: -Dfile.encoding=UTF-8 -XX:+TieredCompilation -XX:TieredStopAtLevel=1 -XX:-OmitStackTraceInFastThrow -Dclojure.compile.path=/home/yuji/sources/personal/clojure-QA/target/classes -Dclj.version=0.1.0-SNAPSHOT -Dclojure.debug=false 
java_command: clojure.main -i /tmp/form-init8088491113333357014.clj
java_class_path (initial): /home/yuji/sources/personal/clojure-QA/test:/home/yuji/sources/personal/clojure-QA/src:/home/yuji/sources/personal/clojure-QA/dev-resources:/home/yuji/sources/personal/clojure-QA/resources:/home/yuji/sources/personal/clojure-QA/target/classes:/home/yuji/.m2/repository/cider/cider-nrepl/0.16.0-SNAPSHOT/cider-nrepl-0.16.0-SNAPSHOT.jar:/home/yuji/.m2/repository/org/tcrawley/dynapath/0.2.5/dynapath-0.2.5.jar:/home/yuji/.m2/repository/org/clojure/tools.nrepl/0.2.12/tools.nrepl-0.2.12.jar:/home/yuji/.m2/repository/org/clojure/clojure/1.10.0-alpha4/clojure-1.10.0-alpha4.jar:/home/yuji/.m2/repository/org/clojure/spec.alpha/0.1.143/spec.alpha-0.1.143.jar:/home/yuji/.m2/repository/org/clojure/core.specs.alpha/0.1.24/core.specs.alpha-0.1.24.jar:/home/yuji/.m2/repository/clojure-complete/clojure-complete/0.2.4/clojure-complete-0.2.4.jar
Launcher Type: SUN_STANDARD

Environment Variables:
JAVA_HOME=/usr/lib/jvm/java-8-oracle
CLASSPATH=/home/yuji/.lein/self-installs/leiningen-2.7.1-standalone.jar
PATH=/home/yuji/.cargo/bin:/usr/local/sbin:/usr/local/bin:/usr/sbin:/usr/bin:/sbin:/bin:/usr/games:/usr/local/games:/snap/bin:/usr/lib/jvm/java-8-oracle/bin:/usr/lib/jvm/java-8-oracle/db/bin:/usr/lib/jvm/java-8-oracle/jre/bin:/usr/local/bin
SHELL=/bin/bash
DISPLAY=:0

Signal Handlers:
SIGSEGV: [libjvm.so+0xad0890], sa_mask[0]=11111111011111111101111111111110, sa_flags=SA_RESTART|SA_SIGINFO
SIGBUS: [libjvm.so+0xad0890], sa_mask[0]=11111111011111111101111111111110, sa_flags=SA_RESTART|SA_SIGINFO
SIGFPE: [libjvm.so+0x928640], sa_mask[0]=11111111011111111101111111111110, sa_flags=SA_RESTART|SA_SIGINFO
SIGPIPE: [libjvm.so+0x928640], sa_mask[0]=11111111011111111101111111111110, sa_flags=SA_RESTART|SA_SIGINFO
SIGXFSZ: [libjvm.so+0x928640], sa_mask[0]=11111111011111111101111111111110, sa_flags=SA_RESTART|SA_SIGINFO
SIGILL: [libjvm.so+0x928640], sa_mask[0]=11111111011111111101111111111110, sa_flags=SA_RESTART|SA_SIGINFO
SIGUSR1: SIG_DFL, sa_mask[0]=00000000000000000000000000000000, sa_flags=none
SIGUSR2: [libjvm.so+0x929ea0], sa_mask[0]=00100000000000000000000000000000, sa_flags=SA_RESTART|SA_SIGINFO
SIGHUP: [libjvm.so+0x92b2a0], sa_mask[0]=11111111011111111101111111111110, sa_flags=SA_RESTART|SA_SIGINFO
SIGINT: [libjvm.so+0x92b2a0], sa_mask[0]=11111111011111111101111111111110, sa_flags=SA_RESTART|SA_SIGINFO
SIGTERM: [libjvm.so+0x92b2a0], sa_mask[0]=11111111011111111101111111111110, sa_flags=SA_RESTART|SA_SIGINFO
SIGQUIT: [libjvm.so+0x92b2a0], sa_mask[0]=11111111011111111101111111111110, sa_flags=SA_RESTART|SA_SIGINFO


---------------  S Y S T E M  ---------------

OS:DISTRIB_ID=Ubuntu
DISTRIB_RELEASE=16.04
DISTRIB_CODENAME=xenial
DISTRIB_DESCRIPTION="Ubuntu 16.04.4 LTS"

uname:Linux 4.15.0-15-generic #16~16.04.1-Ubuntu SMP Thu Apr 5 12:19:23 UTC 2018 x86_64
libc:glibc 2.23 NPTL 2.23 
rlimit: STACK 8515k, CORE 0k, NPROC 62766, NOFILE 1048576, AS infinity
load average:4.49 3.70 4.05

/proc/meminfo:
MemTotal:       16183588 kB
MemFree:         4980792 kB
MemAvailable:    8040908 kB
Buffers:          171860 kB
Cached:          3500992 kB
SwapCached:            0 kB
Active:          8443352 kB
Inactive:        2315380 kB
Active(anon):    6864956 kB
Inactive(anon):   662740 kB
Active(file):    1578396 kB
Inactive(file):  1652640 kB
Unevictable:        1328 kB
Mlocked:            1328 kB
SwapTotal:      16532476 kB
SwapFree:       16532476 kB
Dirty:               428 kB
Writeback:             0 kB
AnonPages:       7086996 kB
Mapped:           915876 kB
Shmem:            666632 kB
Slab:             262812 kB
SReclaimable:     173604 kB
SUnreclaim:        89208 kB
KernelStack:       17312 kB
PageTables:        73312 kB
NFS_Unstable:          0 kB
Bounce:                0 kB
WritebackTmp:          0 kB
CommitLimit:    24624268 kB
Committed_AS:   17470008 kB
VmallocTotal:   34359738367 kB
VmallocUsed:           0 kB
VmallocChunk:          0 kB
HardwareCorrupted:     0 kB
AnonHugePages:         0 kB
ShmemHugePages:        0 kB
ShmemPmdMapped:        0 kB
CmaTotal:              0 kB
CmaFree:               0 kB
HugePages_Total:       0
HugePages_Free:        0
HugePages_Rsvd:        0
HugePages_Surp:        0
Hugepagesize:       2048 kB
DirectMap4k:      218916 kB
DirectMap2M:    11071488 kB
DirectMap1G:     5242880 kB


CPU:total 4 (initial active 4) (2 cores per cpu, 2 threads per core) family 6 model 142 stepping 9, cmov, cx8, fxsr, mmx, sse, sse2, sse3, ssse3, sse4.1, sse4.2, popcnt, avx, avx2, aes, clmul, erms, 3dnowpref, lzcnt, ht, tsc, tscinvbit, bmi1, bmi2, adx

/proc/cpuinfo:
processor	: 0
vendor_id	: GenuineIntel
cpu family	: 6
model		: 142
model name	: Intel(R) Core(TM) i7-7500U CPU @ 2.70GHz
stepping	: 9
microcode	: 0x84
cpu MHz		: 3197.614
cache size	: 4096 KB
physical id	: 0
siblings	: 4
core id		: 0
cpu cores	: 2
apicid		: 0
initial apicid	: 0
fpu		: yes
fpu_exception	: yes
cpuid level	: 22
wp		: yes
flags		: fpu vme de pse tsc msr pae mce cx8 apic sep mtrr pge mca cmov pat pse36 clflush dts acpi mmx fxsr sse sse2 ss ht tm pbe syscall nx pdpe1gb rdtscp lm constant_tsc art arch_perfmon pebs bts rep_good nopl xtopology nonstop_tsc cpuid aperfmperf tsc_known_freq pni pclmulqdq dtes64 monitor ds_cpl vmx est tm2 ssse3 sdbg fma cx16 xtpr pdcm pcid sse4_1 sse4_2 x2apic movbe popcnt tsc_deadline_timer aes xsave avx f16c rdrand lahf_lm abm 3dnowprefetch cpuid_fault epb invpcid_single pti tpr_shadow vnmi flexpriority ept vpid fsgsbase tsc_adjust bmi1 avx2 smep bmi2 erms invpcid mpx rdseed adx smap clflushopt intel_pt xsaveopt xsavec xgetbv1 xsaves ibpb ibrs stibp dtherm ida arat pln pts hwp hwp_notify hwp_act_window hwp_epp
bugs		: cpu_meltdown spectre_v1 spectre_v2
bogomips	: 5808.00
clflush size	: 64
cache_alignment	: 64
address sizes	: 39 bits physical, 48 bits virtual
power management:

processor	: 1
vendor_id	: GenuineIntel
cpu family	: 6
model		: 142
model name	: Intel(R) Core(TM) i7-7500U CPU @ 2.70GHz
stepping	: 9
microcode	: 0x84
cpu MHz		: 3220.691
cache size	: 4096 KB
physical id	: 0
siblings	: 4
core id		: 1
cpu cores	: 2
apicid		: 2
initial apicid	: 2
fpu		: yes
fpu_exception	: yes
cpuid level	: 22
wp		: yes
flags		: fpu vme de pse tsc msr pae mce cx8 apic sep mtrr pge mca cmov pat pse36 clflush dts acpi mmx fxsr sse sse2 ss ht tm pbe syscall nx pdpe1gb rdtscp lm constant_tsc art arch_perfmon pebs bts rep_good nopl xtopology nonstop_tsc cpuid aperfmperf tsc_known_freq pni pclmulqdq dtes64 monitor ds_cpl vmx est tm2 ssse3 sdbg fma cx16 xtpr pdcm pcid sse4_1 sse4_2 x2apic movbe popcnt tsc_deadline_timer aes xsave avx f16c rdrand lahf_lm abm 3dnowprefetch cpuid_fault epb invpcid_single pti tpr_shadow vnmi flexpriority ept vpid fsgsbase tsc_adjust bmi1 avx2 smep bmi2 erms invpcid mpx rdseed adx smap clflushopt intel_pt xsaveopt xsavec xgetbv1 xsaves ibpb ibrs stibp dtherm ida arat pln pts hwp hwp_notify hwp_act_window hwp_epp
bugs		: cpu_meltdown spectre_v1 spectre_v2
bogomips	: 5808.00
clflush size	: 64
cache_alignment	: 64
address sizes	: 39 bits physical, 48 bits virtual
power management:

processor	: 2
vendor_id	: GenuineIntel
cpu family	: 6
model		: 142
model name	: Intel(R) Core(TM) i7-7500U CPU @ 2.70GHz
stepping	: 9
microcode	: 0x84
cpu MHz		: 3201.276
cache size	: 4096 KB
physical id	: 0
siblings	: 4
core id		: 0
cpu cores	: 2
apicid		: 1
initial apicid	: 1
fpu		: yes
fpu_exception	: yes
cpuid level	: 22
wp		: yes
flags		: fpu vme de pse tsc msr pae mce cx8 apic sep mtrr pge mca cmov pat pse36 clflush dts acpi mmx fxsr sse sse2 ss ht tm pbe syscall nx pdpe1gb rdtscp lm constant_tsc art arch_perfmon pebs bts rep_good nopl xtopology nonstop_tsc cpuid aperfmperf tsc_known_freq pni pclmulqdq dtes64 monitor ds_cpl vmx est tm2 ssse3 sdbg fma cx16 xtpr pdcm pcid sse4_1 sse4_2 x2apic movbe popcnt tsc_deadline_timer aes xsave avx f16c rdrand lahf_lm abm 3dnowprefetch cpuid_fault epb invpcid_single pti tpr_shadow vnmi flexpriority ept vpid fsgsbase tsc_adjust bmi1 avx2 smep bmi2 erms invpcid mpx rdseed adx smap clflushopt intel_pt xsaveopt xsavec xgetbv1 xsaves ibpb ibrs stibp dtherm ida arat pln pts hwp hwp_notify hwp_act_window hwp_epp
bugs		: cpu_meltdown spectre_v1 spectre_v2
bogomips	: 5808.00
clflush size	: 64
cache_alignment	: 64
address sizes	: 39 bits physical, 48 bits virtual
power management:

processor	: 3
vendor_id	: GenuineIntel
cpu family	: 6
model		: 142
model name	: Intel(R) Core(TM) i7-7500U CPU @ 2.70GHz
stepping	: 9
microcode	: 0x84
cpu MHz		: 3201.700
cache size	: 4096 KB
physical id	: 0
siblings	: 4
core id		: 1
cpu cores	: 2
apicid		: 3
initial apicid	: 3
fpu		: yes
fpu_exception	: yes
cpuid level	: 22
wp		: yes
flags		: fpu vme de pse tsc msr pae mce cx8 apic sep mtrr pge mca cmov pat pse36 clflush dts acpi mmx fxsr sse sse2 ss ht tm pbe syscall nx pdpe1gb rdtscp lm constant_tsc art arch_perfmon pebs bts rep_good nopl xtopology nonstop_tsc cpuid aperfmperf tsc_known_freq pni pclmulqdq dtes64 monitor ds_cpl vmx est tm2 ssse3 sdbg fma cx16 xtpr pdcm pcid sse4_1 sse4_2 x2apic movbe popcnt tsc_deadline_timer aes xsave avx f16c rdrand lahf_lm abm 3dnowprefetch cpuid_fault epb invpcid_single pti tpr_shadow vnmi flexpriority ept vpid fsgsbase tsc_adjust bmi1 avx2 smep bmi2 erms invpcid mpx rdseed adx smap clflushopt intel_pt xsaveopt xsavec xgetbv1 xsaves ibpb ibrs stibp dtherm ida arat pln pts hwp hwp_notify hwp_act_window hwp_epp
bugs		: cpu_meltdown spectre_v1 spectre_v2
bogomips	: 5808.00
clflush size	: 64
cache_alignment	: 64
address sizes	: 39 bits physical, 48 bits virtual
power management:



Memory: 4k page, physical 16183588k(4980668k free), swap 16532476k(16532476k free)

vm_info: Java HotSpot(TM) 64-Bit Server VM (25.171-b11) for linux-amd64 JRE (1.8.0_171-b11), built on Mar 28 2018 17:07:08 by "java_re" with gcc 4.3.0 20080428 (Red Hat 4.3.0-8)

time: Fri May  4 08:59:51 2018
elapsed time: 292 seconds (0d 0h 4m 52s)

